<?xml version="1.0" encoding="UTF-8"?>
<testsuite xmlns:xsi="http://www.w3.org/2001/XMLSchema-instance" xsi:noNamespaceSchemaLocation="https://maven.apache.org/surefire/maven-surefire-plugin/xsd/surefire-test-report.xsd" name="com.redhat.PalindromeTest" time="0.002" tests="7" errors="0" skipped="0" failures="6">
  <properties>
[...]
</properties>
  <testcase name="com.redhat.PalindromeTest.test_is_true_if_word_is_palindrome" classname="com.redhat.PalindromeTest" time="0">
    <failure type="java.lang.NullPointerException">java.lang.NullPointerException
	at com.redhat.PalindromeTest.test_is_true_if_word_is_palindrome(PalindromeTest.java:23)
</failure>
  </testcase>
  <testcase name="com.redhat.PalindromeTest.test_is_false_if_word_is_not_palindrome" classname="com.redhat.PalindromeTest" time="0">
    <failure type="java.lang.NullPointerException">java.lang.NullPointerException
	at com.redhat.PalindromeTest.test_is_false_if_word_is_not_palindrome(PalindromeTest.java:29)
</failure>
  </testcase>
  <testcase name="com.redhat.PalindromeTest.test_can_identify_numeric_palindromes" classname="com.redhat.PalindromeTest" time="0">
    <failure type="java.lang.NullPointerException">java.lang.NullPointerException
	at com.redhat.PalindromeTest.test_can_identify_numeric_palindromes(PalindromeTest.java:35)
</failure>
  </testcase>
  <testcase name="com.redhat.PalindromeTest.test_single_character_string_is_not_a_palindrome" classname="com.redhat.PalindromeTest" time="0">
    <failure type="java.lang.NullPointerException">java.lang.NullPointerException
	at com.redhat.PalindromeTest.test_single_character_string_is_not_a_palindrome(PalindromeTest.java:41)
</failure>
  </testcase>
  <testcase name="com.redhat.PalindromeTest.test_numerical_palindromes_ignore_decimal_point" classname="com.redhat.PalindromeTest" time="0">
    <failure type="java.lang.NullPointerException">java.lang.NullPointerException
	at com.redhat.PalindromeTest.test_numerical_palindromes_ignore_decimal_point(PalindromeTest.java:47)
</failure>
  </testcase>
  <testcase name="com.redhat.PalindromeTest.test_case_is_ignored" classname="com.redhat.PalindromeTest" time="0">
    <failure type="java.lang.NullPointerException">java.lang.NullPointerException
	at com.redhat.PalindromeTest.test_case_is_ignored(PalindromeTest.java:53)
</failure>
  </testcase>
  <testcase name="com.redhat.PalindromeTest.test_incorrect_input_type_throws_error" classname="com.redhat.PalindromeTest" time="0"/>
</testsuite>